<?xml version="1.0" encoding="UTF-8"?>
<testng-results skipped="0" failed="0" total="2" passed="2">
  <reporter-output>
  </reporter-output>
  <suite name="Default suite" duration-ms="1538" started-at="2015-12-17T22:47:56Z" finished-at="2015-12-17T22:47:58Z">
    <groups>
    </groups>
    <test name="Default test" duration-ms="1538" started-at="2015-12-17T22:47:56Z" finished-at="2015-12-17T22:47:58Z">
      <class name="firsttestngpackage.FirstTestNGFile">
        <test-method status="PASS" signature="f()[pri:0, instance:firsttestngpackage.FirstTestNGFile@33bc72d1]" name="f" duration-ms="12" started-at="2015-12-17T14:47:56Z" finished-at="2015-12-17T14:47:56Z">
          <reporter-output>
          </reporter-output>
        </test-method> <!-- f -->
        <test-method status="PASS" signature="verifyHomepageTitle()[pri:0, instance:firsttestngpackage.FirstTestNGFile@33bc72d1]" name="verifyHomepageTitle" duration-ms="1504" started-at="2015-12-17T14:47:56Z" finished-at="2015-12-17T14:47:58Z">
          <reporter-output>
          </reporter-output>
        </test-method> <!-- verifyHomepageTitle -->
      </class> <!-- firsttestngpackage.FirstTestNGFile -->
    </test> <!-- Default test -->
  </suite> <!-- Default suite -->
</testng-results>
